[ERROR] 2020-09-20 08:18:06,767 | /home/joanitojeff/erpnext/frappe-bench/apps/frappe/frappe/app.py:
Site: testsite
Form Dict: {
 "cached_timestamp": "",
 "cmd": "frappe.desk.form.load.getdoctype",
 "doctype": "Quotation",
 "with_parent": "1"
}
Site: testsite
Form Dict: {
 "cached_timestamp": "",
 "cmd": "frappe.desk.form.load.getdoctype",
 "doctype": "Quotation",
 "with_parent": "1"
}
Request Error
Traceback (most recent call last):
  File "/home/joanitojeff/erpnext/frappe-bench/apps/frappe/frappe/app.py", line 64, in application
    response = frappe.api.handle()
  File "/home/joanitojeff/erpnext/frappe-bench/apps/frappe/frappe/api.py", line 59, in handle
    return frappe.handler.handle()
  File "/home/joanitojeff/erpnext/frappe-bench/apps/frappe/frappe/handler.py", line 24, in handle
    data = execute_cmd(cmd)
  File "/home/joanitojeff/erpnext/frappe-bench/apps/frappe/frappe/handler.py", line 63, in execute_cmd
    return frappe.call(method, **frappe.form_dict)
  File "/home/joanitojeff/erpnext/frappe-bench/apps/frappe/frappe/__init__.py", line 1055, in call
    return fn(*args, **newargs)
  File "/home/joanitojeff/erpnext/frappe-bench/apps/frappe/frappe/desk/form/load.py", line 70, in getdoctype
    docs = get_meta_bundle(doctype)
  File "/home/joanitojeff/erpnext/frappe-bench/apps/frappe/frappe/desk/form/load.py", line 80, in get_meta_bundle
    bundle = [frappe.desk.form.meta.get_meta(doctype)]
  File "/home/joanitojeff/erpnext/frappe-bench/apps/frappe/frappe/desk/form/meta.py", line 26, in get_meta
    meta = FormMeta(doctype)
  File "/home/joanitojeff/erpnext/frappe-bench/apps/frappe/frappe/desk/form/meta.py", line 39, in __init__
    self.load_assets()
  File "/home/joanitojeff/erpnext/frappe-bench/apps/frappe/frappe/desk/form/meta.py", line 53, in load_assets
    self.load_templates()
  File "/home/joanitojeff/erpnext/frappe-bench/apps/frappe/frappe/desk/form/meta.py", line 179, in load_templates
    module = load_doctype_module(self.name)
  File "/home/joanitojeff/erpnext/frappe-bench/apps/frappe/frappe/modules/utils.py", line 204, in load_doctype_module
    doctype_python_modules[key] = frappe.get_module(module_name)
  File "/home/joanitojeff/erpnext/frappe-bench/apps/frappe/frappe/__init__.py", line 827, in get_module
    return importlib.import_module(modulename)
  File "/usr/lib/python3.6/importlib/__init__.py", line 126, in import_module
    return _bootstrap._gcd_import(name[level:], package, level)
  File "<frozen importlib._bootstrap>", line 994, in _gcd_import
  File "<frozen importlib._bootstrap>", line 971, in _find_and_load
  File "<frozen importlib._bootstrap>", line 955, in _find_and_load_unlocked
  File "<frozen importlib._bootstrap>", line 665, in _load_unlocked
  File "<frozen importlib._bootstrap_external>", line 678, in exec_module
  File "<frozen importlib._bootstrap>", line 219, in _call_with_frames_removed
  File "/home/joanitojeff/erpnext/frappe-bench/apps/erpnext/erpnext/selling/doctype/quotation/quotation.py", line 10, in <module>
    from erpnext.controllers.selling_controller import SellingController
  File "/home/joanitojeff/erpnext/frappe-bench/apps/erpnext/erpnext/controllers/selling_controller.py", line 8, in <module>
    from erpnext.stock.get_item_details import get_bin_details
  File "/home/joanitojeff/erpnext/frappe-bench/apps/erpnext/erpnext/stock/get_item_details.py", line 14, in <module>
    from erpnext.stock.doctype.item.item import get_item_defaults, get_uom_conv_factor
  File "/home/joanitojeff/erpnext/frappe-bench/apps/erpnext/erpnext/stock/doctype/item/item.py", line 516
    if d.uom and cstr(d.uom) == cstr(self.stock_uom) and flt(d.conversion_factor) != 1:
     ^
IndentationError: expected an indented block
[DEBUG] 2020-09-20 08:18:52,682 | /home/joanitojeff/erpnext/frappe-bench/apps/frappe/frappe/utils/scheduler.py:
Site: testsite
Queued events for site testsite
[DEBUG] 2020-09-20 08:19:52,776 | /home/joanitojeff/erpnext/frappe-bench/apps/frappe/frappe/utils/scheduler.py:
Site: testsite
Queued events for site testsite
[ERROR] 2020-09-20 08:20:14,204 | /home/joanitojeff/erpnext/frappe-bench/apps/frappe/frappe/app.py:
Site: testsite
Form Dict: {
 "cached_timestamp": "",
 "cmd": "frappe.desk.form.load.getdoctype",
 "doctype": "Quotation",
 "with_parent": "1"
}
Site: testsite
Form Dict: {
 "cached_timestamp": "",
 "cmd": "frappe.desk.form.load.getdoctype",
 "doctype": "Quotation",
 "with_parent": "1"
}
Request Error
Traceback (most recent call last):
  File "/home/joanitojeff/erpnext/frappe-bench/apps/frappe/frappe/app.py", line 64, in application
    response = frappe.api.handle()
  File "/home/joanitojeff/erpnext/frappe-bench/apps/frappe/frappe/api.py", line 59, in handle
    return frappe.handler.handle()
  File "/home/joanitojeff/erpnext/frappe-bench/apps/frappe/frappe/handler.py", line 24, in handle
    data = execute_cmd(cmd)
  File "/home/joanitojeff/erpnext/frappe-bench/apps/frappe/frappe/handler.py", line 63, in execute_cmd
    return frappe.call(method, **frappe.form_dict)
  File "/home/joanitojeff/erpnext/frappe-bench/apps/frappe/frappe/__init__.py", line 1055, in call
    return fn(*args, **newargs)
  File "/home/joanitojeff/erpnext/frappe-bench/apps/frappe/frappe/desk/form/load.py", line 70, in getdoctype
    docs = get_meta_bundle(doctype)
  File "/home/joanitojeff/erpnext/frappe-bench/apps/frappe/frappe/desk/form/load.py", line 80, in get_meta_bundle
    bundle = [frappe.desk.form.meta.get_meta(doctype)]
  File "/home/joanitojeff/erpnext/frappe-bench/apps/frappe/frappe/desk/form/meta.py", line 26, in get_meta
    meta = FormMeta(doctype)
  File "/home/joanitojeff/erpnext/frappe-bench/apps/frappe/frappe/desk/form/meta.py", line 39, in __init__
    self.load_assets()
  File "/home/joanitojeff/erpnext/frappe-bench/apps/frappe/frappe/desk/form/meta.py", line 53, in load_assets
    self.load_templates()
  File "/home/joanitojeff/erpnext/frappe-bench/apps/frappe/frappe/desk/form/meta.py", line 179, in load_templates
    module = load_doctype_module(self.name)
  File "/home/joanitojeff/erpnext/frappe-bench/apps/frappe/frappe/modules/utils.py", line 204, in load_doctype_module
    doctype_python_modules[key] = frappe.get_module(module_name)
  File "/home/joanitojeff/erpnext/frappe-bench/apps/frappe/frappe/__init__.py", line 827, in get_module
    return importlib.import_module(modulename)
  File "/usr/lib/python3.6/importlib/__init__.py", line 126, in import_module
    return _bootstrap._gcd_import(name[level:], package, level)
  File "<frozen importlib._bootstrap>", line 994, in _gcd_import
  File "<frozen importlib._bootstrap>", line 971, in _find_and_load
  File "<frozen importlib._bootstrap>", line 955, in _find_and_load_unlocked
  File "<frozen importlib._bootstrap>", line 665, in _load_unlocked
  File "<frozen importlib._bootstrap_external>", line 678, in exec_module
  File "<frozen importlib._bootstrap>", line 219, in _call_with_frames_removed
  File "/home/joanitojeff/erpnext/frappe-bench/apps/erpnext/erpnext/selling/doctype/quotation/quotation.py", line 10, in <module>
    from erpnext.controllers.selling_controller import SellingController
  File "/home/joanitojeff/erpnext/frappe-bench/apps/erpnext/erpnext/controllers/selling_controller.py", line 8, in <module>
    from erpnext.stock.get_item_details import get_bin_details
  File "/home/joanitojeff/erpnext/frappe-bench/apps/erpnext/erpnext/stock/get_item_details.py", line 14, in <module>
    from erpnext.stock.doctype.item.item import get_item_defaults, get_uom_conv_factor
  File "/home/joanitojeff/erpnext/frappe-bench/apps/erpnext/erpnext/stock/doctype/item/item.py", line 516
    if d.uom and cstr(d.uom) == cstr(self.stock_uom) and flt(d.conversion_factor) != 1:
     ^
IndentationError: expected an indented block
[ERROR] 2020-09-20 08:20:20,616 | /home/joanitojeff/erpnext/frappe-bench/apps/frappe/frappe/app.py:
Site: testsite
Form Dict: {
 "cached_timestamp": "",
 "cmd": "frappe.desk.form.load.getdoctype",
 "doctype": "Quotation",
 "with_parent": "1"
}
Site: testsite
Form Dict: {
 "cached_timestamp": "",
 "cmd": "frappe.desk.form.load.getdoctype",
 "doctype": "Quotation",
 "with_parent": "1"
}
Request Error
Traceback (most recent call last):
  File "/home/joanitojeff/erpnext/frappe-bench/apps/frappe/frappe/app.py", line 64, in application
    response = frappe.api.handle()
  File "/home/joanitojeff/erpnext/frappe-bench/apps/frappe/frappe/api.py", line 59, in handle
    return frappe.handler.handle()
  File "/home/joanitojeff/erpnext/frappe-bench/apps/frappe/frappe/handler.py", line 24, in handle
    data = execute_cmd(cmd)
  File "/home/joanitojeff/erpnext/frappe-bench/apps/frappe/frappe/handler.py", line 63, in execute_cmd
    return frappe.call(method, **frappe.form_dict)
  File "/home/joanitojeff/erpnext/frappe-bench/apps/frappe/frappe/__init__.py", line 1055, in call
    return fn(*args, **newargs)
  File "/home/joanitojeff/erpnext/frappe-bench/apps/frappe/frappe/desk/form/load.py", line 70, in getdoctype
    docs = get_meta_bundle(doctype)
  File "/home/joanitojeff/erpnext/frappe-bench/apps/frappe/frappe/desk/form/load.py", line 80, in get_meta_bundle
    bundle = [frappe.desk.form.meta.get_meta(doctype)]
  File "/home/joanitojeff/erpnext/frappe-bench/apps/frappe/frappe/desk/form/meta.py", line 26, in get_meta
    meta = FormMeta(doctype)
  File "/home/joanitojeff/erpnext/frappe-bench/apps/frappe/frappe/desk/form/meta.py", line 39, in __init__
    self.load_assets()
  File "/home/joanitojeff/erpnext/frappe-bench/apps/frappe/frappe/desk/form/meta.py", line 53, in load_assets
    self.load_templates()
  File "/home/joanitojeff/erpnext/frappe-bench/apps/frappe/frappe/desk/form/meta.py", line 179, in load_templates
    module = load_doctype_module(self.name)
  File "/home/joanitojeff/erpnext/frappe-bench/apps/frappe/frappe/modules/utils.py", line 204, in load_doctype_module
    doctype_python_modules[key] = frappe.get_module(module_name)
  File "/home/joanitojeff/erpnext/frappe-bench/apps/frappe/frappe/__init__.py", line 827, in get_module
    return importlib.import_module(modulename)
  File "/usr/lib/python3.6/importlib/__init__.py", line 126, in import_module
    return _bootstrap._gcd_import(name[level:], package, level)
  File "<frozen importlib._bootstrap>", line 994, in _gcd_import
  File "<frozen importlib._bootstrap>", line 971, in _find_and_load
  File "<frozen importlib._bootstrap>", line 955, in _find_and_load_unlocked
  File "<frozen importlib._bootstrap>", line 665, in _load_unlocked
  File "<frozen importlib._bootstrap_external>", line 678, in exec_module
  File "<frozen importlib._bootstrap>", line 219, in _call_with_frames_removed
  File "/home/joanitojeff/erpnext/frappe-bench/apps/erpnext/erpnext/selling/doctype/quotation/quotation.py", line 10, in <module>
    from erpnext.controllers.selling_controller import SellingController
  File "/home/joanitojeff/erpnext/frappe-bench/apps/erpnext/erpnext/controllers/selling_controller.py", line 8, in <module>
    from erpnext.stock.get_item_details import get_bin_details
  File "/home/joanitojeff/erpnext/frappe-bench/apps/erpnext/erpnext/stock/get_item_details.py", line 14, in <module>
    from erpnext.stock.doctype.item.item import get_item_defaults, get_uom_conv_factor
  File "/home/joanitojeff/erpnext/frappe-bench/apps/erpnext/erpnext/stock/doctype/item/item.py", line 516
    if d.uom and cstr(d.uom) == cstr(self.stock_uom) and flt(d.conversion_factor) != 1:
     ^
IndentationError: expected an indented block
[ERROR] 2020-09-20 08:20:31,333 | /home/joanitojeff/erpnext/frappe-bench/apps/frappe/frappe/app.py:
Site: testsite
Form Dict: {
 "cmd": "frappe.realtime.get_user_info"
}
Request Error
Traceback (most recent call last):
  File "/home/joanitojeff/erpnext/frappe-bench/apps/frappe/frappe/app.py", line 64, in application
    response = frappe.api.handle()
  File "/home/joanitojeff/erpnext/frappe-bench/apps/frappe/frappe/api.py", line 59, in handle
    return frappe.handler.handle()
  File "/home/joanitojeff/erpnext/frappe-bench/apps/frappe/frappe/handler.py", line 24, in handle
    data = execute_cmd(cmd)
  File "/home/joanitojeff/erpnext/frappe-bench/apps/frappe/frappe/handler.py", line 63, in execute_cmd
    return frappe.call(method, **frappe.form_dict)
  File "/home/joanitojeff/erpnext/frappe-bench/apps/frappe/frappe/__init__.py", line 1055, in call
    return fn(*args, **newargs)
TypeError: get_user_info() missing 1 required positional argument: 'sid'
[ERROR] 2020-09-20 08:20:31,333 | /home/joanitojeff/erpnext/frappe-bench/apps/frappe/frappe/app.py:
Site: testsite
Form Dict: {
 "cmd": "frappe.realtime.get_user_info"
}
Site: testsite
Form Dict: {
 "cmd": "frappe.realtime.get_user_info"
}
Request Error
Traceback (most recent call last):
  File "/home/joanitojeff/erpnext/frappe-bench/apps/frappe/frappe/app.py", line 64, in application
    response = frappe.api.handle()
  File "/home/joanitojeff/erpnext/frappe-bench/apps/frappe/frappe/api.py", line 59, in handle
    return frappe.handler.handle()
  File "/home/joanitojeff/erpnext/frappe-bench/apps/frappe/frappe/handler.py", line 24, in handle
    data = execute_cmd(cmd)
  File "/home/joanitojeff/erpnext/frappe-bench/apps/frappe/frappe/handler.py", line 63, in execute_cmd
    return frappe.call(method, **frappe.form_dict)
  File "/home/joanitojeff/erpnext/frappe-bench/apps/frappe/frappe/__init__.py", line 1055, in call
    return fn(*args, **newargs)
TypeError: get_user_info() missing 1 required positional argument: 'sid'
[ERROR] 2020-09-20 08:20:31,334 | /home/joanitojeff/erpnext/frappe-bench/apps/frappe/frappe/app.py:
Site: testsite
Form Dict: {
 "cmd": "frappe.realtime.get_user_info"
}
Request Error
Traceback (most recent call last):
  File "/home/joanitojeff/erpnext/frappe-bench/apps/frappe/frappe/app.py", line 64, in application
    response = frappe.api.handle()
  File "/home/joanitojeff/erpnext/frappe-bench/apps/frappe/frappe/api.py", line 59, in handle
    return frappe.handler.handle()
  File "/home/joanitojeff/erpnext/frappe-bench/apps/frappe/frappe/handler.py", line 24, in handle
    data = execute_cmd(cmd)
  File "/home/joanitojeff/erpnext/frappe-bench/apps/frappe/frappe/handler.py", line 63, in execute_cmd
    return frappe.call(method, **frappe.form_dict)
  File "/home/joanitojeff/erpnext/frappe-bench/apps/frappe/frappe/__init__.py", line 1055, in call
    return fn(*args, **newargs)
TypeError: get_user_info() missing 1 required positional argument: 'sid'
[ERROR] 2020-09-20 08:20:31,334 | /home/joanitojeff/erpnext/frappe-bench/apps/frappe/frappe/app.py:
Site: testsite
Form Dict: {
 "cmd": "frappe.realtime.get_user_info"
}
Site: testsite
Form Dict: {
 "cmd": "frappe.realtime.get_user_info"
}
Request Error
Traceback (most recent call last):
  File "/home/joanitojeff/erpnext/frappe-bench/apps/frappe/frappe/app.py", line 64, in application
    response = frappe.api.handle()
  File "/home/joanitojeff/erpnext/frappe-bench/apps/frappe/frappe/api.py", line 59, in handle
    return frappe.handler.handle()
  File "/home/joanitojeff/erpnext/frappe-bench/apps/frappe/frappe/handler.py", line 24, in handle
    data = execute_cmd(cmd)
  File "/home/joanitojeff/erpnext/frappe-bench/apps/frappe/frappe/handler.py", line 63, in execute_cmd
    return frappe.call(method, **frappe.form_dict)
  File "/home/joanitojeff/erpnext/frappe-bench/apps/frappe/frappe/__init__.py", line 1055, in call
    return fn(*args, **newargs)
TypeError: get_user_info() missing 1 required positional argument: 'sid'
[ERROR] 2020-09-20 08:20:31,517 | /home/joanitojeff/erpnext/frappe-bench/apps/frappe/frappe/utils/error.py:
New Exception collected with id: 2020-09-20 08:20:31.334978-127.0.0.1-347
[ERROR] 2020-09-20 08:20:31,517 | /home/joanitojeff/erpnext/frappe-bench/apps/frappe/frappe/utils/error.py:
New Exception collected with id: 2020-09-20 08:20:31.334978-127.0.0.1-347
[ERROR] 2020-09-20 08:20:31,517 | /home/joanitojeff/erpnext/frappe-bench/apps/frappe/frappe/utils/error.py:
New Exception collected with id: 2020-09-20 08:20:31.334830-127.0.0.1-33a
[ERROR] 2020-09-20 08:20:31,517 | /home/joanitojeff/erpnext/frappe-bench/apps/frappe/frappe/utils/error.py:
New Exception collected with id: 2020-09-20 08:20:31.334830-127.0.0.1-33a
[ERROR] 2020-09-20 08:20:36,611 | /home/joanitojeff/erpnext/frappe-bench/apps/frappe/frappe/app.py:
Site: testsite
Form Dict: {
 "cached_timestamp": "",
 "cmd": "frappe.desk.form.load.getdoctype",
 "doctype": "Quotation",
 "with_parent": "1"
}
Request Error
Traceback (most recent call last):
  File "/home/joanitojeff/erpnext/frappe-bench/apps/frappe/frappe/app.py", line 64, in application
    response = frappe.api.handle()
  File "/home/joanitojeff/erpnext/frappe-bench/apps/frappe/frappe/api.py", line 59, in handle
    return frappe.handler.handle()
  File "/home/joanitojeff/erpnext/frappe-bench/apps/frappe/frappe/handler.py", line 24, in handle
    data = execute_cmd(cmd)
  File "/home/joanitojeff/erpnext/frappe-bench/apps/frappe/frappe/handler.py", line 63, in execute_cmd
    return frappe.call(method, **frappe.form_dict)
  File "/home/joanitojeff/erpnext/frappe-bench/apps/frappe/frappe/__init__.py", line 1055, in call
    return fn(*args, **newargs)
  File "/home/joanitojeff/erpnext/frappe-bench/apps/frappe/frappe/desk/form/load.py", line 70, in getdoctype
    docs = get_meta_bundle(doctype)
  File "/home/joanitojeff/erpnext/frappe-bench/apps/frappe/frappe/desk/form/load.py", line 80, in get_meta_bundle
    bundle = [frappe.desk.form.meta.get_meta(doctype)]
  File "/home/joanitojeff/erpnext/frappe-bench/apps/frappe/frappe/desk/form/meta.py", line 26, in get_meta
    meta = FormMeta(doctype)
  File "/home/joanitojeff/erpnext/frappe-bench/apps/frappe/frappe/desk/form/meta.py", line 39, in __init__
    self.load_assets()
  File "/home/joanitojeff/erpnext/frappe-bench/apps/frappe/frappe/desk/form/meta.py", line 53, in load_assets
    self.load_templates()
  File "/home/joanitojeff/erpnext/frappe-bench/apps/frappe/frappe/desk/form/meta.py", line 179, in load_templates
    module = load_doctype_module(self.name)
  File "/home/joanitojeff/erpnext/frappe-bench/apps/frappe/frappe/modules/utils.py", line 204, in load_doctype_module
    doctype_python_modules[key] = frappe.get_module(module_name)
  File "/home/joanitojeff/erpnext/frappe-bench/apps/frappe/frappe/__init__.py", line 827, in get_module
    return importlib.import_module(modulename)
  File "/usr/lib/python3.6/importlib/__init__.py", line 126, in import_module
    return _bootstrap._gcd_import(name[level:], package, level)
  File "<frozen importlib._bootstrap>", line 994, in _gcd_import
  File "<frozen importlib._bootstrap>", line 971, in _find_and_load
  File "<frozen importlib._bootstrap>", line 955, in _find_and_load_unlocked
  File "<frozen importlib._bootstrap>", line 665, in _load_unlocked
  File "<frozen importlib._bootstrap_external>", line 678, in exec_module
  File "<frozen importlib._bootstrap>", line 219, in _call_with_frames_removed
  File "/home/joanitojeff/erpnext/frappe-bench/apps/erpnext/erpnext/selling/doctype/quotation/quotation.py", line 10, in <module>
    from erpnext.controllers.selling_controller import SellingController
  File "/home/joanitojeff/erpnext/frappe-bench/apps/erpnext/erpnext/controllers/selling_controller.py", line 8, in <module>
    from erpnext.stock.get_item_details import get_bin_details
  File "/home/joanitojeff/erpnext/frappe-bench/apps/erpnext/erpnext/stock/get_item_details.py", line 14, in <module>
    from erpnext.stock.doctype.item.item import get_item_defaults, get_uom_conv_factor
  File "/home/joanitojeff/erpnext/frappe-bench/apps/erpnext/erpnext/stock/doctype/item/item.py", line 516
    if d.uom and cstr(d.uom) == cstr(self.stock_uom) and flt(d.conversion_factor) != 1:
     ^
IndentationError: expected an indented block
[ERROR] 2020-09-20 08:20:36,611 | /home/joanitojeff/erpnext/frappe-bench/apps/frappe/frappe/app.py:
Site: testsite
Form Dict: {
 "cached_timestamp": "",
 "cmd": "frappe.desk.form.load.getdoctype",
 "doctype": "Quotation",
 "with_parent": "1"
}
Site: testsite
Form Dict: {
 "cached_timestamp": "",
 "cmd": "frappe.desk.form.load.getdoctype",
 "doctype": "Quotation",
 "with_parent": "1"
}
Request Error
Traceback (most recent call last):
  File "/home/joanitojeff/erpnext/frappe-bench/apps/frappe/frappe/app.py", line 64, in application
    response = frappe.api.handle()
  File "/home/joanitojeff/erpnext/frappe-bench/apps/frappe/frappe/api.py", line 59, in handle
    return frappe.handler.handle()
  File "/home/joanitojeff/erpnext/frappe-bench/apps/frappe/frappe/handler.py", line 24, in handle
    data = execute_cmd(cmd)
  File "/home/joanitojeff/erpnext/frappe-bench/apps/frappe/frappe/handler.py", line 63, in execute_cmd
    return frappe.call(method, **frappe.form_dict)
  File "/home/joanitojeff/erpnext/frappe-bench/apps/frappe/frappe/__init__.py", line 1055, in call
    return fn(*args, **newargs)
  File "/home/joanitojeff/erpnext/frappe-bench/apps/frappe/frappe/desk/form/load.py", line 70, in getdoctype
    docs = get_meta_bundle(doctype)
  File "/home/joanitojeff/erpnext/frappe-bench/apps/frappe/frappe/desk/form/load.py", line 80, in get_meta_bundle
    bundle = [frappe.desk.form.meta.get_meta(doctype)]
  File "/home/joanitojeff/erpnext/frappe-bench/apps/frappe/frappe/desk/form/meta.py", line 26, in get_meta
    meta = FormMeta(doctype)
  File "/home/joanitojeff/erpnext/frappe-bench/apps/frappe/frappe/desk/form/meta.py", line 39, in __init__
    self.load_assets()
  File "/home/joanitojeff/erpnext/frappe-bench/apps/frappe/frappe/desk/form/meta.py", line 53, in load_assets
    self.load_templates()
  File "/home/joanitojeff/erpnext/frappe-bench/apps/frappe/frappe/desk/form/meta.py", line 179, in load_templates
    module = load_doctype_module(self.name)
  File "/home/joanitojeff/erpnext/frappe-bench/apps/frappe/frappe/modules/utils.py", line 204, in load_doctype_module
    doctype_python_modules[key] = frappe.get_module(module_name)
  File "/home/joanitojeff/erpnext/frappe-bench/apps/frappe/frappe/__init__.py", line 827, in get_module
    return importlib.import_module(modulename)
  File "/usr/lib/python3.6/importlib/__init__.py", line 126, in import_module
    return _bootstrap._gcd_import(name[level:], package, level)
  File "<frozen importlib._bootstrap>", line 994, in _gcd_import
  File "<frozen importlib._bootstrap>", line 971, in _find_and_load
  File "<frozen importlib._bootstrap>", line 955, in _find_and_load_unlocked
  File "<frozen importlib._bootstrap>", line 665, in _load_unlocked
  File "<frozen importlib._bootstrap_external>", line 678, in exec_module
  File "<frozen importlib._bootstrap>", line 219, in _call_with_frames_removed
  File "/home/joanitojeff/erpnext/frappe-bench/apps/erpnext/erpnext/selling/doctype/quotation/quotation.py", line 10, in <module>
    from erpnext.controllers.selling_controller import SellingController
  File "/home/joanitojeff/erpnext/frappe-bench/apps/erpnext/erpnext/controllers/selling_controller.py", line 8, in <module>
    from erpnext.stock.get_item_details import get_bin_details
  File "/home/joanitojeff/erpnext/frappe-bench/apps/erpnext/erpnext/stock/get_item_details.py", line 14, in <module>
    from erpnext.stock.doctype.item.item import get_item_defaults, get_uom_conv_factor
  File "/home/joanitojeff/erpnext/frappe-bench/apps/erpnext/erpnext/stock/doctype/item/item.py", line 516
    if d.uom and cstr(d.uom) == cstr(self.stock_uom) and flt(d.conversion_factor) != 1:
     ^
IndentationError: expected an indented block
[ERROR] 2020-09-20 08:20:36,644 | /home/joanitojeff/erpnext/frappe-bench/apps/frappe/frappe/utils/error.py:
New Exception collected with id: 2020-09-20 08:20:36.611774-127.0.0.1-20a
[ERROR] 2020-09-20 08:20:36,644 | /home/joanitojeff/erpnext/frappe-bench/apps/frappe/frappe/utils/error.py:
New Exception collected with id: 2020-09-20 08:20:36.611774-127.0.0.1-20a
[ERROR] 2020-09-20 08:21:36,854 | /home/joanitojeff/erpnext/frappe-bench/apps/frappe/frappe/app.py:
Site: testsite
Form Dict: {
 "cmd": "frappe.realtime.get_user_info"
}
Request Error
Traceback (most recent call last):
  File "/home/joanitojeff/erpnext/frappe-bench/apps/frappe/frappe/app.py", line 64, in application
    response = frappe.api.handle()
  File "/home/joanitojeff/erpnext/frappe-bench/apps/frappe/frappe/api.py", line 59, in handle
    return frappe.handler.handle()
  File "/home/joanitojeff/erpnext/frappe-bench/apps/frappe/frappe/handler.py", line 24, in handle
    data = execute_cmd(cmd)
  File "/home/joanitojeff/erpnext/frappe-bench/apps/frappe/frappe/handler.py", line 63, in execute_cmd
    return frappe.call(method, **frappe.form_dict)
  File "/home/joanitojeff/erpnext/frappe-bench/apps/frappe/frappe/__init__.py", line 1055, in call
    return fn(*args, **newargs)
TypeError: get_user_info() missing 1 required positional argument: 'sid'
[ERROR] 2020-09-20 08:21:36,854 | /home/joanitojeff/erpnext/frappe-bench/apps/frappe/frappe/app.py:
Site: testsite
Form Dict: {
 "cmd": "frappe.realtime.get_user_info"
}
Site: testsite
Form Dict: {
 "cmd": "frappe.realtime.get_user_info"
}
Request Error
Traceback (most recent call last):
  File "/home/joanitojeff/erpnext/frappe-bench/apps/frappe/frappe/app.py", line 64, in application
    response = frappe.api.handle()
  File "/home/joanitojeff/erpnext/frappe-bench/apps/frappe/frappe/api.py", line 59, in handle
    return frappe.handler.handle()
  File "/home/joanitojeff/erpnext/frappe-bench/apps/frappe/frappe/handler.py", line 24, in handle
    data = execute_cmd(cmd)
  File "/home/joanitojeff/erpnext/frappe-bench/apps/frappe/frappe/handler.py", line 63, in execute_cmd
    return frappe.call(method, **frappe.form_dict)
  File "/home/joanitojeff/erpnext/frappe-bench/apps/frappe/frappe/__init__.py", line 1055, in call
    return fn(*args, **newargs)
TypeError: get_user_info() missing 1 required positional argument: 'sid'
[ERROR] 2020-09-20 08:21:36,854 | /home/joanitojeff/erpnext/frappe-bench/apps/frappe/frappe/app.py:
Site: testsite
Form Dict: {
 "cmd": "frappe.realtime.get_user_info"
}
Request Error
Traceback (most recent call last):
  File "/home/joanitojeff/erpnext/frappe-bench/apps/frappe/frappe/app.py", line 64, in application
    response = frappe.api.handle()
  File "/home/joanitojeff/erpnext/frappe-bench/apps/frappe/frappe/api.py", line 59, in handle
    return frappe.handler.handle()
  File "/home/joanitojeff/erpnext/frappe-bench/apps/frappe/frappe/handler.py", line 24, in handle
    data = execute_cmd(cmd)
  File "/home/joanitojeff/erpnext/frappe-bench/apps/frappe/frappe/handler.py", line 63, in execute_cmd
    return frappe.call(method, **frappe.form_dict)
  File "/home/joanitojeff/erpnext/frappe-bench/apps/frappe/frappe/__init__.py", line 1055, in call
    return fn(*args, **newargs)
TypeError: get_user_info() missing 1 required positional argument: 'sid'
[ERROR] 2020-09-20 08:21:36,854 | /home/joanitojeff/erpnext/frappe-bench/apps/frappe/frappe/app.py:
Site: testsite
Form Dict: {
 "cmd": "frappe.realtime.get_user_info"
}
Site: testsite
Form Dict: {
 "cmd": "frappe.realtime.get_user_info"
}
Request Error
Traceback (most recent call last):
  File "/home/joanitojeff/erpnext/frappe-bench/apps/frappe/frappe/app.py", line 64, in application
    response = frappe.api.handle()
  File "/home/joanitojeff/erpnext/frappe-bench/apps/frappe/frappe/api.py", line 59, in handle
    return frappe.handler.handle()
  File "/home/joanitojeff/erpnext/frappe-bench/apps/frappe/frappe/handler.py", line 24, in handle
    data = execute_cmd(cmd)
  File "/home/joanitojeff/erpnext/frappe-bench/apps/frappe/frappe/handler.py", line 63, in execute_cmd
    return frappe.call(method, **frappe.form_dict)
  File "/home/joanitojeff/erpnext/frappe-bench/apps/frappe/frappe/__init__.py", line 1055, in call
    return fn(*args, **newargs)
TypeError: get_user_info() missing 1 required positional argument: 'sid'
[ERROR] 2020-09-20 08:21:36,995 | /home/joanitojeff/erpnext/frappe-bench/apps/frappe/frappe/utils/error.py:
New Exception collected with id: 2020-09-20 08:21:36.855809-127.0.0.1-3d2
[ERROR] 2020-09-20 08:21:36,998 | /home/joanitojeff/erpnext/frappe-bench/apps/frappe/frappe/utils/error.py:
New Exception collected with id: 2020-09-20 08:21:36.855618-127.0.0.1-2e4
[ERROR] 2020-09-20 08:21:48,347 | /home/joanitojeff/erpnext/frappe-bench/apps/frappe/frappe/app.py:
Site: testsite
Form Dict: {
 "cached_timestamp": "",
 "cmd": "frappe.desk.form.load.getdoctype",
 "doctype": "Quotation",
 "with_parent": "1"
}
Request Error
Traceback (most recent call last):
  File "/home/joanitojeff/erpnext/frappe-bench/apps/frappe/frappe/app.py", line 64, in application
    response = frappe.api.handle()
  File "/home/joanitojeff/erpnext/frappe-bench/apps/frappe/frappe/api.py", line 59, in handle
    return frappe.handler.handle()
  File "/home/joanitojeff/erpnext/frappe-bench/apps/frappe/frappe/handler.py", line 24, in handle
    data = execute_cmd(cmd)
  File "/home/joanitojeff/erpnext/frappe-bench/apps/frappe/frappe/handler.py", line 63, in execute_cmd
    return frappe.call(method, **frappe.form_dict)
  File "/home/joanitojeff/erpnext/frappe-bench/apps/frappe/frappe/__init__.py", line 1055, in call
    return fn(*args, **newargs)
  File "/home/joanitojeff/erpnext/frappe-bench/apps/frappe/frappe/desk/form/load.py", line 70, in getdoctype
    docs = get_meta_bundle(doctype)
  File "/home/joanitojeff/erpnext/frappe-bench/apps/frappe/frappe/desk/form/load.py", line 80, in get_meta_bundle
    bundle = [frappe.desk.form.meta.get_meta(doctype)]
  File "/home/joanitojeff/erpnext/frappe-bench/apps/frappe/frappe/desk/form/meta.py", line 26, in get_meta
    meta = FormMeta(doctype)
  File "/home/joanitojeff/erpnext/frappe-bench/apps/frappe/frappe/desk/form/meta.py", line 39, in __init__
    self.load_assets()
  File "/home/joanitojeff/erpnext/frappe-bench/apps/frappe/frappe/desk/form/meta.py", line 53, in load_assets
    self.load_templates()
  File "/home/joanitojeff/erpnext/frappe-bench/apps/frappe/frappe/desk/form/meta.py", line 179, in load_templates
    module = load_doctype_module(self.name)
  File "/home/joanitojeff/erpnext/frappe-bench/apps/frappe/frappe/modules/utils.py", line 204, in load_doctype_module
    doctype_python_modules[key] = frappe.get_module(module_name)
  File "/home/joanitojeff/erpnext/frappe-bench/apps/frappe/frappe/__init__.py", line 827, in get_module
    return importlib.import_module(modulename)
  File "/usr/lib/python3.6/importlib/__init__.py", line 126, in import_module
    return _bootstrap._gcd_import(name[level:], package, level)
  File "<frozen importlib._bootstrap>", line 994, in _gcd_import
  File "<frozen importlib._bootstrap>", line 971, in _find_and_load
  File "<frozen importlib._bootstrap>", line 955, in _find_and_load_unlocked
  File "<frozen importlib._bootstrap>", line 665, in _load_unlocked
  File "<frozen importlib._bootstrap_external>", line 678, in exec_module
  File "<frozen importlib._bootstrap>", line 219, in _call_with_frames_removed
  File "/home/joanitojeff/erpnext/frappe-bench/apps/erpnext/erpnext/selling/doctype/quotation/quotation.py", line 10, in <module>
    from erpnext.controllers.selling_controller import SellingController
  File "/home/joanitojeff/erpnext/frappe-bench/apps/erpnext/erpnext/controllers/selling_controller.py", line 8, in <module>
    from erpnext.stock.get_item_details import get_bin_details
  File "/home/joanitojeff/erpnext/frappe-bench/apps/erpnext/erpnext/stock/get_item_details.py", line 14, in <module>
    from erpnext.stock.doctype.item.item import get_item_defaults, get_uom_conv_factor
  File "/home/joanitojeff/erpnext/frappe-bench/apps/erpnext/erpnext/stock/doctype/item/item.py", line 516
    if d.uom and cstr(d.uom) == cstr(self.stock_uom) and flt(d.conversion_factor) != 1:
     ^
IndentationError: expected an indented block
[ERROR] 2020-09-20 08:21:48,347 | /home/joanitojeff/erpnext/frappe-bench/apps/frappe/frappe/app.py:
Site: testsite
Form Dict: {
 "cached_timestamp": "",
 "cmd": "frappe.desk.form.load.getdoctype",
 "doctype": "Quotation",
 "with_parent": "1"
}
Site: testsite
Form Dict: {
 "cached_timestamp": "",
 "cmd": "frappe.desk.form.load.getdoctype",
 "doctype": "Quotation",
 "with_parent": "1"
}
Request Error
Traceback (most recent call last):
  File "/home/joanitojeff/erpnext/frappe-bench/apps/frappe/frappe/app.py", line 64, in application
    response = frappe.api.handle()
  File "/home/joanitojeff/erpnext/frappe-bench/apps/frappe/frappe/api.py", line 59, in handle
    return frappe.handler.handle()
  File "/home/joanitojeff/erpnext/frappe-bench/apps/frappe/frappe/handler.py", line 24, in handle
    data = execute_cmd(cmd)
  File "/home/joanitojeff/erpnext/frappe-bench/apps/frappe/frappe/handler.py", line 63, in execute_cmd
    return frappe.call(method, **frappe.form_dict)
  File "/home/joanitojeff/erpnext/frappe-bench/apps/frappe/frappe/__init__.py", line 1055, in call
    return fn(*args, **newargs)
  File "/home/joanitojeff/erpnext/frappe-bench/apps/frappe/frappe/desk/form/load.py", line 70, in getdoctype
    docs = get_meta_bundle(doctype)
  File "/home/joanitojeff/erpnext/frappe-bench/apps/frappe/frappe/desk/form/load.py", line 80, in get_meta_bundle
    bundle = [frappe.desk.form.meta.get_meta(doctype)]
  File "/home/joanitojeff/erpnext/frappe-bench/apps/frappe/frappe/desk/form/meta.py", line 26, in get_meta
    meta = FormMeta(doctype)
  File "/home/joanitojeff/erpnext/frappe-bench/apps/frappe/frappe/desk/form/meta.py", line 39, in __init__
    self.load_assets()
  File "/home/joanitojeff/erpnext/frappe-bench/apps/frappe/frappe/desk/form/meta.py", line 53, in load_assets
    self.load_templates()
  File "/home/joanitojeff/erpnext/frappe-bench/apps/frappe/frappe/desk/form/meta.py", line 179, in load_templates
    module = load_doctype_module(self.name)
  File "/home/joanitojeff/erpnext/frappe-bench/apps/frappe/frappe/modules/utils.py", line 204, in load_doctype_module
    doctype_python_modules[key] = frappe.get_module(module_name)
  File "/home/joanitojeff/erpnext/frappe-bench/apps/frappe/frappe/__init__.py", line 827, in get_module
    return importlib.import_module(modulename)
  File "/usr/lib/python3.6/importlib/__init__.py", line 126, in import_module
    return _bootstrap._gcd_import(name[level:], package, level)
  File "<frozen importlib._bootstrap>", line 994, in _gcd_import
  File "<frozen importlib._bootstrap>", line 971, in _find_and_load
  File "<frozen importlib._bootstrap>", line 955, in _find_and_load_unlocked
  File "<frozen importlib._bootstrap>", line 665, in _load_unlocked
  File "<frozen importlib._bootstrap_external>", line 678, in exec_module
  File "<frozen importlib._bootstrap>", line 219, in _call_with_frames_removed
  File "/home/joanitojeff/erpnext/frappe-bench/apps/erpnext/erpnext/selling/doctype/quotation/quotation.py", line 10, in <module>
    from erpnext.controllers.selling_controller import SellingController
  File "/home/joanitojeff/erpnext/frappe-bench/apps/erpnext/erpnext/controllers/selling_controller.py", line 8, in <module>
    from erpnext.stock.get_item_details import get_bin_details
  File "/home/joanitojeff/erpnext/frappe-bench/apps/erpnext/erpnext/stock/get_item_details.py", line 14, in <module>
    from erpnext.stock.doctype.item.item import get_item_defaults, get_uom_conv_factor
  File "/home/joanitojeff/erpnext/frappe-bench/apps/erpnext/erpnext/stock/doctype/item/item.py", line 516
    if d.uom and cstr(d.uom) == cstr(self.stock_uom) and flt(d.conversion_factor) != 1:
     ^
IndentationError: expected an indented block
[ERROR] 2020-09-20 08:21:48,377 | /home/joanitojeff/erpnext/frappe-bench/apps/frappe/frappe/utils/error.py:
New Exception collected with id: 2020-09-20 08:21:48.347948-127.0.0.1-724
[ERROR] 2020-09-20 08:22:24,190 | /home/joanitojeff/erpnext/frappe-bench/apps/frappe/frappe/app.py:
Site: testsite
Form Dict: {
 "cached_timestamp": "",
 "cmd": "frappe.desk.form.load.getdoctype",
 "doctype": "Quotation",
 "with_parent": "1"
}
Request Error
Traceback (most recent call last):
  File "/home/joanitojeff/erpnext/frappe-bench/apps/frappe/frappe/app.py", line 64, in application
    response = frappe.api.handle()
  File "/home/joanitojeff/erpnext/frappe-bench/apps/frappe/frappe/api.py", line 59, in handle
    return frappe.handler.handle()
  File "/home/joanitojeff/erpnext/frappe-bench/apps/frappe/frappe/handler.py", line 24, in handle
    data = execute_cmd(cmd)
  File "/home/joanitojeff/erpnext/frappe-bench/apps/frappe/frappe/handler.py", line 63, in execute_cmd
    return frappe.call(method, **frappe.form_dict)
  File "/home/joanitojeff/erpnext/frappe-bench/apps/frappe/frappe/__init__.py", line 1055, in call
    return fn(*args, **newargs)
  File "/home/joanitojeff/erpnext/frappe-bench/apps/frappe/frappe/desk/form/load.py", line 70, in getdoctype
    docs = get_meta_bundle(doctype)
  File "/home/joanitojeff/erpnext/frappe-bench/apps/frappe/frappe/desk/form/load.py", line 80, in get_meta_bundle
    bundle = [frappe.desk.form.meta.get_meta(doctype)]
  File "/home/joanitojeff/erpnext/frappe-bench/apps/frappe/frappe/desk/form/meta.py", line 26, in get_meta
    meta = FormMeta(doctype)
  File "/home/joanitojeff/erpnext/frappe-bench/apps/frappe/frappe/desk/form/meta.py", line 39, in __init__
    self.load_assets()
  File "/home/joanitojeff/erpnext/frappe-bench/apps/frappe/frappe/desk/form/meta.py", line 53, in load_assets
    self.load_templates()
  File "/home/joanitojeff/erpnext/frappe-bench/apps/frappe/frappe/desk/form/meta.py", line 179, in load_templates
    module = load_doctype_module(self.name)
  File "/home/joanitojeff/erpnext/frappe-bench/apps/frappe/frappe/modules/utils.py", line 204, in load_doctype_module
    doctype_python_modules[key] = frappe.get_module(module_name)
  File "/home/joanitojeff/erpnext/frappe-bench/apps/frappe/frappe/__init__.py", line 827, in get_module
    return importlib.import_module(modulename)
  File "/usr/lib/python3.6/importlib/__init__.py", line 126, in import_module
    return _bootstrap._gcd_import(name[level:], package, level)
  File "<frozen importlib._bootstrap>", line 994, in _gcd_import
  File "<frozen importlib._bootstrap>", line 971, in _find_and_load
  File "<frozen importlib._bootstrap>", line 955, in _find_and_load_unlocked
  File "<frozen importlib._bootstrap>", line 665, in _load_unlocked
  File "<frozen importlib._bootstrap_external>", line 678, in exec_module
  File "<frozen importlib._bootstrap>", line 219, in _call_with_frames_removed
  File "/home/joanitojeff/erpnext/frappe-bench/apps/erpnext/erpnext/selling/doctype/quotation/quotation.py", line 10, in <module>
    from erpnext.controllers.selling_controller import SellingController
  File "/home/joanitojeff/erpnext/frappe-bench/apps/erpnext/erpnext/controllers/selling_controller.py", line 8, in <module>
    from erpnext.stock.get_item_details import get_bin_details
  File "/home/joanitojeff/erpnext/frappe-bench/apps/erpnext/erpnext/stock/get_item_details.py", line 14, in <module>
    from erpnext.stock.doctype.item.item import get_item_defaults, get_uom_conv_factor
  File "/home/joanitojeff/erpnext/frappe-bench/apps/erpnext/erpnext/stock/doctype/item/item.py", line 516
    if d.uom and cstr(d.uom) == cstr(self.stock_uom) and flt(d.conversion_factor) != 1:
     ^
IndentationError: expected an indented block
[ERROR] 2020-09-20 08:22:24,190 | /home/joanitojeff/erpnext/frappe-bench/apps/frappe/frappe/app.py:
Site: testsite
Form Dict: {
 "cached_timestamp": "",
 "cmd": "frappe.desk.form.load.getdoctype",
 "doctype": "Quotation",
 "with_parent": "1"
}
Site: testsite
Form Dict: {
 "cached_timestamp": "",
 "cmd": "frappe.desk.form.load.getdoctype",
 "doctype": "Quotation",
 "with_parent": "1"
}
Request Error
Traceback (most recent call last):
  File "/home/joanitojeff/erpnext/frappe-bench/apps/frappe/frappe/app.py", line 64, in application
    response = frappe.api.handle()
  File "/home/joanitojeff/erpnext/frappe-bench/apps/frappe/frappe/api.py", line 59, in handle
    return frappe.handler.handle()
  File "/home/joanitojeff/erpnext/frappe-bench/apps/frappe/frappe/handler.py", line 24, in handle
    data = execute_cmd(cmd)
  File "/home/joanitojeff/erpnext/frappe-bench/apps/frappe/frappe/handler.py", line 63, in execute_cmd
    return frappe.call(method, **frappe.form_dict)
  File "/home/joanitojeff/erpnext/frappe-bench/apps/frappe/frappe/__init__.py", line 1055, in call
    return fn(*args, **newargs)
  File "/home/joanitojeff/erpnext/frappe-bench/apps/frappe/frappe/desk/form/load.py", line 70, in getdoctype
    docs = get_meta_bundle(doctype)
  File "/home/joanitojeff/erpnext/frappe-bench/apps/frappe/frappe/desk/form/load.py", line 80, in get_meta_bundle
    bundle = [frappe.desk.form.meta.get_meta(doctype)]
  File "/home/joanitojeff/erpnext/frappe-bench/apps/frappe/frappe/desk/form/meta.py", line 26, in get_meta
    meta = FormMeta(doctype)
  File "/home/joanitojeff/erpnext/frappe-bench/apps/frappe/frappe/desk/form/meta.py", line 39, in __init__
    self.load_assets()
  File "/home/joanitojeff/erpnext/frappe-bench/apps/frappe/frappe/desk/form/meta.py", line 53, in load_assets
    self.load_templates()
  File "/home/joanitojeff/erpnext/frappe-bench/apps/frappe/frappe/desk/form/meta.py", line 179, in load_templates
    module = load_doctype_module(self.name)
  File "/home/joanitojeff/erpnext/frappe-bench/apps/frappe/frappe/modules/utils.py", line 204, in load_doctype_module
    doctype_python_modules[key] = frappe.get_module(module_name)
  File "/home/joanitojeff/erpnext/frappe-bench/apps/frappe/frappe/__init__.py", line 827, in get_module
    return importlib.import_module(modulename)
  File "/usr/lib/python3.6/importlib/__init__.py", line 126, in import_module
    return _bootstrap._gcd_import(name[level:], package, level)
  File "<frozen importlib._bootstrap>", line 994, in _gcd_import
  File "<frozen importlib._bootstrap>", line 971, in _find_and_load
  File "<frozen importlib._bootstrap>", line 955, in _find_and_load_unlocked
  File "<frozen importlib._bootstrap>", line 665, in _load_unlocked
  File "<frozen importlib._bootstrap_external>", line 678, in exec_module
  File "<frozen importlib._bootstrap>", line 219, in _call_with_frames_removed
  File "/home/joanitojeff/erpnext/frappe-bench/apps/erpnext/erpnext/selling/doctype/quotation/quotation.py", line 10, in <module>
    from erpnext.controllers.selling_controller import SellingController
  File "/home/joanitojeff/erpnext/frappe-bench/apps/erpnext/erpnext/controllers/selling_controller.py", line 8, in <module>
    from erpnext.stock.get_item_details import get_bin_details
  File "/home/joanitojeff/erpnext/frappe-bench/apps/erpnext/erpnext/stock/get_item_details.py", line 14, in <module>
    from erpnext.stock.doctype.item.item import get_item_defaults, get_uom_conv_factor
  File "/home/joanitojeff/erpnext/frappe-bench/apps/erpnext/erpnext/stock/doctype/item/item.py", line 516
    if d.uom and cstr(d.uom) == cstr(self.stock_uom) and flt(d.conversion_factor) != 1:
     ^
IndentationError: expected an indented block
[ERROR] 2020-09-20 08:22:24,216 | /home/joanitojeff/erpnext/frappe-bench/apps/frappe/frappe/utils/error.py:
New Exception collected with id: 2020-09-20 08:22:24.190665-127.0.0.1-d75
[DEBUG] 2020-09-20 08:22:35,437 | /home/joanitojeff/erpnext/frappe-bench/apps/frappe/frappe/utils/scheduler.py:
Site: testsite
Queued events for site testsite
[DEBUG] 2020-09-20 08:23:35,524 | /home/joanitojeff/erpnext/frappe-bench/apps/frappe/frappe/utils/scheduler.py:
Site: testsite
Queued events for site testsite
[DEBUG] 2020-09-20 08:24:35,623 | /home/joanitojeff/erpnext/frappe-bench/apps/frappe/frappe/utils/scheduler.py:
Site: testsite
Queued events for site testsite
[DEBUG] 2020-09-20 08:25:35,708 | /home/joanitojeff/erpnext/frappe-bench/apps/frappe/frappe/utils/scheduler.py:
Site: testsite
Queued events for site testsite
[DEBUG] 2020-09-20 08:26:35,798 | /home/joanitojeff/erpnext/frappe-bench/apps/frappe/frappe/utils/scheduler.py:
Site: testsite
Queued events for site testsite
[DEBUG] 2020-09-20 08:27:35,887 | /home/joanitojeff/erpnext/frappe-bench/apps/frappe/frappe/utils/scheduler.py:
Site: testsite
Queued events for site testsite
[DEBUG] 2020-09-20 08:28:35,990 | /home/joanitojeff/erpnext/frappe-bench/apps/frappe/frappe/utils/scheduler.py:
Site: testsite
Queued events for site testsite
[DEBUG] 2020-09-20 08:29:36,066 | /home/joanitojeff/erpnext/frappe-bench/apps/frappe/frappe/utils/scheduler.py:
Site: testsite
Queued events for site testsite
[DEBUG] 2020-09-20 08:30:36,151 | /home/joanitojeff/erpnext/frappe-bench/apps/frappe/frappe/utils/scheduler.py:
Site: testsite
Queued events for site testsite
[DEBUG] 2020-09-20 08:31:36,227 | /home/joanitojeff/erpnext/frappe-bench/apps/frappe/frappe/utils/scheduler.py:
Site: testsite
Queued events for site testsite
[DEBUG] 2020-09-20 08:32:36,328 | /home/joanitojeff/erpnext/frappe-bench/apps/frappe/frappe/utils/scheduler.py:
Site: testsite
Queued events for site testsite
[DEBUG] 2020-09-20 08:33:36,419 | /home/joanitojeff/erpnext/frappe-bench/apps/frappe/frappe/utils/scheduler.py:
Site: testsite
Queued events for site testsite
[DEBUG] 2020-09-20 08:34:36,752 | /home/joanitojeff/erpnext/frappe-bench/apps/frappe/frappe/utils/scheduler.py:
Site: testsite
Queued events for site testsite
[DEBUG] 2020-09-20 08:35:36,835 | /home/joanitojeff/erpnext/frappe-bench/apps/frappe/frappe/utils/scheduler.py:
Site: testsite
Queued events for site testsite
[DEBUG] 2020-09-20 08:36:36,921 | /home/joanitojeff/erpnext/frappe-bench/apps/frappe/frappe/utils/scheduler.py:
Site: testsite
Queued events for site testsite
[DEBUG] 2020-09-20 08:37:37,013 | /home/joanitojeff/erpnext/frappe-bench/apps/frappe/frappe/utils/scheduler.py:
Site: testsite
Queued events for site testsite
[DEBUG] 2020-09-20 08:38:37,100 | /home/joanitojeff/erpnext/frappe-bench/apps/frappe/frappe/utils/scheduler.py:
Site: testsite
Queued events for site testsite
[DEBUG] 2020-09-20 08:39:37,191 | /home/joanitojeff/erpnext/frappe-bench/apps/frappe/frappe/utils/scheduler.py:
Site: testsite
Queued events for site testsite
[DEBUG] 2020-09-20 08:40:37,294 | /home/joanitojeff/erpnext/frappe-bench/apps/frappe/frappe/utils/scheduler.py:
Site: testsite
Queued events for site testsite
[DEBUG] 2020-09-20 08:41:37,363 | /home/joanitojeff/erpnext/frappe-bench/apps/frappe/frappe/utils/scheduler.py:
Site: testsite
Queued events for site testsite
[DEBUG] 2020-09-20 08:42:37,456 | /home/joanitojeff/erpnext/frappe-bench/apps/frappe/frappe/utils/scheduler.py:
Site: testsite
Queued events for site testsite
[DEBUG] 2020-09-20 08:43:37,536 | /home/joanitojeff/erpnext/frappe-bench/apps/frappe/frappe/utils/scheduler.py:
Site: testsite
Queued events for site testsite
[ERROR] 2020-09-20 08:44:39,094 | /home/joanitojeff/erpnext/frappe-bench/apps/frappe/frappe/app.py:
Site: testsite
Form Dict: {
 "cmd": "frappe.realtime.get_user_info"
}
Request Error
Traceback (most recent call last):
  File "/home/joanitojeff/erpnext/frappe-bench/apps/frappe/frappe/app.py", line 64, in application
    response = frappe.api.handle()
  File "/home/joanitojeff/erpnext/frappe-bench/apps/frappe/frappe/api.py", line 59, in handle
    return frappe.handler.handle()
  File "/home/joanitojeff/erpnext/frappe-bench/apps/frappe/frappe/handler.py", line 24, in handle
    data = execute_cmd(cmd)
  File "/home/joanitojeff/erpnext/frappe-bench/apps/frappe/frappe/handler.py", line 63, in execute_cmd
    return frappe.call(method, **frappe.form_dict)
  File "/home/joanitojeff/erpnext/frappe-bench/apps/frappe/frappe/__init__.py", line 1055, in call
    return fn(*args, **newargs)
TypeError: get_user_info() missing 1 required positional argument: 'sid'
[ERROR] 2020-09-20 08:44:39,094 | /home/joanitojeff/erpnext/frappe-bench/apps/frappe/frappe/app.py:
Site: testsite
Form Dict: {
 "cmd": "frappe.realtime.get_user_info"
}
Site: testsite
Form Dict: {
 "cmd": "frappe.realtime.get_user_info"
}
Request Error
Traceback (most recent call last):
  File "/home/joanitojeff/erpnext/frappe-bench/apps/frappe/frappe/app.py", line 64, in application
    response = frappe.api.handle()
  File "/home/joanitojeff/erpnext/frappe-bench/apps/frappe/frappe/api.py", line 59, in handle
    return frappe.handler.handle()
  File "/home/joanitojeff/erpnext/frappe-bench/apps/frappe/frappe/handler.py", line 24, in handle
    data = execute_cmd(cmd)
  File "/home/joanitojeff/erpnext/frappe-bench/apps/frappe/frappe/handler.py", line 63, in execute_cmd
    return frappe.call(method, **frappe.form_dict)
  File "/home/joanitojeff/erpnext/frappe-bench/apps/frappe/frappe/__init__.py", line 1055, in call
    return fn(*args, **newargs)
TypeError: get_user_info() missing 1 required positional argument: 'sid'
[ERROR] 2020-09-20 08:44:39,094 | /home/joanitojeff/erpnext/frappe-bench/apps/frappe/frappe/app.py:
Site: testsite
Form Dict: {
 "cmd": "frappe.realtime.get_user_info"
}
Request Error
Traceback (most recent call last):
  File "/home/joanitojeff/erpnext/frappe-bench/apps/frappe/frappe/app.py", line 64, in application
    response = frappe.api.handle()
  File "/home/joanitojeff/erpnext/frappe-bench/apps/frappe/frappe/api.py", line 59, in handle
    return frappe.handler.handle()
  File "/home/joanitojeff/erpnext/frappe-bench/apps/frappe/frappe/handler.py", line 24, in handle
    data = execute_cmd(cmd)
  File "/home/joanitojeff/erpnext/frappe-bench/apps/frappe/frappe/handler.py", line 63, in execute_cmd
    return frappe.call(method, **frappe.form_dict)
  File "/home/joanitojeff/erpnext/frappe-bench/apps/frappe/frappe/__init__.py", line 1055, in call
    return fn(*args, **newargs)
TypeError: get_user_info() missing 1 required positional argument: 'sid'
[ERROR] 2020-09-20 08:44:39,094 | /home/joanitojeff/erpnext/frappe-bench/apps/frappe/frappe/app.py:
Site: testsite
Form Dict: {
 "cmd": "frappe.realtime.get_user_info"
}
Site: testsite
Form Dict: {
 "cmd": "frappe.realtime.get_user_info"
}
Request Error
Traceback (most recent call last):
  File "/home/joanitojeff/erpnext/frappe-bench/apps/frappe/frappe/app.py", line 64, in application
    response = frappe.api.handle()
  File "/home/joanitojeff/erpnext/frappe-bench/apps/frappe/frappe/api.py", line 59, in handle
    return frappe.handler.handle()
  File "/home/joanitojeff/erpnext/frappe-bench/apps/frappe/frappe/handler.py", line 24, in handle
    data = execute_cmd(cmd)
  File "/home/joanitojeff/erpnext/frappe-bench/apps/frappe/frappe/handler.py", line 63, in execute_cmd
    return frappe.call(method, **frappe.form_dict)
  File "/home/joanitojeff/erpnext/frappe-bench/apps/frappe/frappe/__init__.py", line 1055, in call
    return fn(*args, **newargs)
TypeError: get_user_info() missing 1 required positional argument: 'sid'
[ERROR] 2020-09-20 08:44:39,237 | /home/joanitojeff/erpnext/frappe-bench/apps/frappe/frappe/utils/error.py:
New Exception collected with id: 2020-09-20 08:44:39.096027-127.0.0.1-492
[ERROR] 2020-09-20 08:44:39,239 | /home/joanitojeff/erpnext/frappe-bench/apps/frappe/frappe/utils/error.py:
New Exception collected with id: 2020-09-20 08:44:39.095134-127.0.0.1-cab
[DEBUG] 2020-09-20 08:45:37,586 | /home/joanitojeff/erpnext/frappe-bench/apps/frappe/frappe/utils/scheduler.py:
Site: testsite
Queued events for site testsite
[DEBUG] 2020-09-20 08:46:37,681 | /home/joanitojeff/erpnext/frappe-bench/apps/frappe/frappe/utils/scheduler.py:
Site: testsite
Queued events for site testsite
[DEBUG] 2020-09-20 08:47:37,780 | /home/joanitojeff/erpnext/frappe-bench/apps/frappe/frappe/utils/scheduler.py:
Site: testsite
Queued events for site testsite
[DEBUG] 2020-09-20 08:48:37,876 | /home/joanitojeff/erpnext/frappe-bench/apps/frappe/frappe/utils/scheduler.py:
Site: testsite
Queued events for site testsite
[DEBUG] 2020-09-20 08:49:37,974 | /home/joanitojeff/erpnext/frappe-bench/apps/frappe/frappe/utils/scheduler.py:
Site: testsite
Queued events for site testsite
[DEBUG] 2020-09-20 08:50:38,066 | /home/joanitojeff/erpnext/frappe-bench/apps/frappe/frappe/utils/scheduler.py:
Site: testsite
Queued events for site testsite
[DEBUG] 2020-09-20 08:51:38,144 | /home/joanitojeff/erpnext/frappe-bench/apps/frappe/frappe/utils/scheduler.py:
Site: testsite
Queued events for site testsite
[DEBUG] 2020-09-20 08:52:38,246 | /home/joanitojeff/erpnext/frappe-bench/apps/frappe/frappe/utils/scheduler.py:
Site: testsite
Queued events for site testsite
[DEBUG] 2020-09-20 08:53:38,329 | /home/joanitojeff/erpnext/frappe-bench/apps/frappe/frappe/utils/scheduler.py:
Site: testsite
Queued events for site testsite
[DEBUG] 2020-09-20 08:54:38,428 | /home/joanitojeff/erpnext/frappe-bench/apps/frappe/frappe/utils/scheduler.py:
Site: testsite
Queued events for site testsite
[DEBUG] 2020-09-20 08:55:38,524 | /home/joanitojeff/erpnext/frappe-bench/apps/frappe/frappe/utils/scheduler.py:
Site: testsite
Queued events for site testsite
[DEBUG] 2020-09-20 08:56:38,630 | /home/joanitojeff/erpnext/frappe-bench/apps/frappe/frappe/utils/scheduler.py:
Site: testsite
Queued events for site testsite
[DEBUG] 2020-09-20 08:57:38,721 | /home/joanitojeff/erpnext/frappe-bench/apps/frappe/frappe/utils/scheduler.py:
Site: testsite
Queued events for site testsite
[DEBUG] 2020-09-20 08:58:38,803 | /home/joanitojeff/erpnext/frappe-bench/apps/frappe/frappe/utils/scheduler.py:
Site: testsite
Queued events for site testsite
[DEBUG] 2020-09-20 08:59:38,875 | /home/joanitojeff/erpnext/frappe-bench/apps/frappe/frappe/utils/scheduler.py:
Site: testsite
Queued events for site testsite
[DEBUG] 2020-09-20 09:00:38,987 | /home/joanitojeff/erpnext/frappe-bench/apps/frappe/frappe/utils/scheduler.py:
Site: testsite
Queued events for site testsite
[DEBUG] 2020-09-20 09:01:39,081 | /home/joanitojeff/erpnext/frappe-bench/apps/frappe/frappe/utils/scheduler.py:
Site: testsite
Queued events for site testsite
[DEBUG] 2020-09-20 09:02:39,178 | /home/joanitojeff/erpnext/frappe-bench/apps/frappe/frappe/utils/scheduler.py:
Site: testsite
Queued events for site testsite
[DEBUG] 2020-09-20 09:03:39,306 | /home/joanitojeff/erpnext/frappe-bench/apps/frappe/frappe/utils/scheduler.py:
Site: testsite
Queued events for site testsite
[DEBUG] 2020-09-20 09:04:39,408 | /home/joanitojeff/erpnext/frappe-bench/apps/frappe/frappe/utils/scheduler.py:
Site: testsite
Queued events for site testsite
[DEBUG] 2020-09-20 09:05:39,508 | /home/joanitojeff/erpnext/frappe-bench/apps/frappe/frappe/utils/scheduler.py:
Site: testsite
Queued events for site testsite
[DEBUG] 2020-09-20 09:06:39,592 | /home/joanitojeff/erpnext/frappe-bench/apps/frappe/frappe/utils/scheduler.py:
Site: testsite
Queued events for site testsite
[DEBUG] 2020-09-20 09:07:39,684 | /home/joanitojeff/erpnext/frappe-bench/apps/frappe/frappe/utils/scheduler.py:
Site: testsite
Queued events for site testsite
[DEBUG] 2020-09-20 09:08:39,786 | /home/joanitojeff/erpnext/frappe-bench/apps/frappe/frappe/utils/scheduler.py:
Site: testsite
Queued events for site testsite
[DEBUG] 2020-09-20 09:09:39,869 | /home/joanitojeff/erpnext/frappe-bench/apps/frappe/frappe/utils/scheduler.py:
Site: testsite
Queued events for site testsite
[DEBUG] 2020-09-20 09:10:39,964 | /home/joanitojeff/erpnext/frappe-bench/apps/frappe/frappe/utils/scheduler.py:
Site: testsite
Queued events for site testsite
[DEBUG] 2020-09-20 09:11:40,050 | /home/joanitojeff/erpnext/frappe-bench/apps/frappe/frappe/utils/scheduler.py:
Site: testsite
Queued events for site testsite
[DEBUG] 2020-09-20 09:12:40,155 | /home/joanitojeff/erpnext/frappe-bench/apps/frappe/frappe/utils/scheduler.py:
Site: testsite
Queued events for site testsite
[DEBUG] 2020-09-20 09:13:40,301 | /home/joanitojeff/erpnext/frappe-bench/apps/frappe/frappe/utils/scheduler.py:
Site: testsite
Queued events for site testsite
[DEBUG] 2020-09-20 09:14:40,407 | /home/joanitojeff/erpnext/frappe-bench/apps/frappe/frappe/utils/scheduler.py:
Site: testsite
Queued events for site testsite
[DEBUG] 2020-09-20 09:15:40,492 | /home/joanitojeff/erpnext/frappe-bench/apps/frappe/frappe/utils/scheduler.py:
Site: testsite
Queued events for site testsite
[DEBUG] 2020-09-20 09:16:40,598 | /home/joanitojeff/erpnext/frappe-bench/apps/frappe/frappe/utils/scheduler.py:
Site: testsite
Queued events for site testsite
[DEBUG] 2020-09-20 09:17:40,682 | /home/joanitojeff/erpnext/frappe-bench/apps/frappe/frappe/utils/scheduler.py:
Site: testsite
Queued events for site testsite
[DEBUG] 2020-09-20 09:18:40,769 | /home/joanitojeff/erpnext/frappe-bench/apps/frappe/frappe/utils/scheduler.py:
Site: testsite
Queued events for site testsite
[DEBUG] 2020-09-20 09:19:40,854 | /home/joanitojeff/erpnext/frappe-bench/apps/frappe/frappe/utils/scheduler.py:
Site: testsite
Queued events for site testsite
[DEBUG] 2020-09-20 09:20:40,950 | /home/joanitojeff/erpnext/frappe-bench/apps/frappe/frappe/utils/scheduler.py:
Site: testsite
Queued events for site testsite
[DEBUG] 2020-09-20 09:21:41,038 | /home/joanitojeff/erpnext/frappe-bench/apps/frappe/frappe/utils/scheduler.py:
Site: testsite
Queued events for site testsite
[DEBUG] 2020-09-20 09:22:41,176 | /home/joanitojeff/erpnext/frappe-bench/apps/frappe/frappe/utils/scheduler.py:
Site: testsite
Queued events for site testsite
[DEBUG] 2020-09-20 09:23:41,261 | /home/joanitojeff/erpnext/frappe-bench/apps/frappe/frappe/utils/scheduler.py:
Site: testsite
Queued events for site testsite
[DEBUG] 2020-09-20 09:24:41,368 | /home/joanitojeff/erpnext/frappe-bench/apps/frappe/frappe/utils/scheduler.py:
Site: testsite
Queued events for site testsite
[DEBUG] 2020-09-20 09:25:41,442 | /home/joanitojeff/erpnext/frappe-bench/apps/frappe/frappe/utils/scheduler.py:
Site: testsite
Queued events for site testsite
[DEBUG] 2020-09-20 09:26:41,525 | /home/joanitojeff/erpnext/frappe-bench/apps/frappe/frappe/utils/scheduler.py:
Site: testsite
Queued events for site testsite
[DEBUG] 2020-09-20 09:27:41,613 | /home/joanitojeff/erpnext/frappe-bench/apps/frappe/frappe/utils/scheduler.py:
Site: testsite
Queued events for site testsite
[DEBUG] 2020-09-20 09:28:41,717 | /home/joanitojeff/erpnext/frappe-bench/apps/frappe/frappe/utils/scheduler.py:
Site: testsite
Queued events for site testsite
[DEBUG] 2020-09-20 09:29:41,806 | /home/joanitojeff/erpnext/frappe-bench/apps/frappe/frappe/utils/scheduler.py:
Site: testsite
Queued events for site testsite
[DEBUG] 2020-09-20 09:30:41,952 | /home/joanitojeff/erpnext/frappe-bench/apps/frappe/frappe/utils/scheduler.py:
Site: testsite
Queued events for site testsite
[DEBUG] 2020-09-20 09:31:42,050 | /home/joanitojeff/erpnext/frappe-bench/apps/frappe/frappe/utils/scheduler.py:
Site: testsite
Queued events for site testsite
[DEBUG] 2020-09-20 09:32:42,222 | /home/joanitojeff/erpnext/frappe-bench/apps/frappe/frappe/utils/scheduler.py:
Site: testsite
Queued events for site testsite
[DEBUG] 2020-09-20 09:33:42,321 | /home/joanitojeff/erpnext/frappe-bench/apps/frappe/frappe/utils/scheduler.py:
Site: testsite
Queued events for site testsite
[DEBUG] 2020-09-20 09:34:42,421 | /home/joanitojeff/erpnext/frappe-bench/apps/frappe/frappe/utils/scheduler.py:
Site: testsite
Queued events for site testsite
[DEBUG] 2020-09-20 09:35:42,518 | /home/joanitojeff/erpnext/frappe-bench/apps/frappe/frappe/utils/scheduler.py:
Site: testsite
Queued events for site testsite
[DEBUG] 2020-09-20 09:36:42,620 | /home/joanitojeff/erpnext/frappe-bench/apps/frappe/frappe/utils/scheduler.py:
Site: testsite
Queued events for site testsite
[DEBUG] 2020-09-20 09:37:42,714 | /home/joanitojeff/erpnext/frappe-bench/apps/frappe/frappe/utils/scheduler.py:
Site: testsite
Queued events for site testsite
[DEBUG] 2020-09-20 09:38:42,796 | /home/joanitojeff/erpnext/frappe-bench/apps/frappe/frappe/utils/scheduler.py:
Site: testsite
Queued events for site testsite
[DEBUG] 2020-09-20 09:39:42,896 | /home/joanitojeff/erpnext/frappe-bench/apps/frappe/frappe/utils/scheduler.py:
Site: testsite
Queued events for site testsite
[DEBUG] 2020-09-20 09:40:43,003 | /home/joanitojeff/erpnext/frappe-bench/apps/frappe/frappe/utils/scheduler.py:
Site: testsite
Queued events for site testsite
[DEBUG] 2020-09-20 09:41:43,087 | /home/joanitojeff/erpnext/frappe-bench/apps/frappe/frappe/utils/scheduler.py:
Site: testsite
Queued events for site testsite
[DEBUG] 2020-09-20 09:42:43,184 | /home/joanitojeff/erpnext/frappe-bench/apps/frappe/frappe/utils/scheduler.py:
Site: testsite
Queued events for site testsite
[DEBUG] 2020-09-20 09:43:43,262 | /home/joanitojeff/erpnext/frappe-bench/apps/frappe/frappe/utils/scheduler.py:
Site: testsite
Queued events for site testsite
[DEBUG] 2020-09-20 09:44:43,362 | /home/joanitojeff/erpnext/frappe-bench/apps/frappe/frappe/utils/scheduler.py:
Site: testsite
Queued events for site testsite
[DEBUG] 2020-09-20 09:45:43,433 | /home/joanitojeff/erpnext/frappe-bench/apps/frappe/frappe/utils/scheduler.py:
Site: testsite
Queued events for site testsite
[DEBUG] 2020-09-20 09:46:43,532 | /home/joanitojeff/erpnext/frappe-bench/apps/frappe/frappe/utils/scheduler.py:
Site: testsite
Queued events for site testsite
[DEBUG] 2020-09-20 09:47:43,628 | /home/joanitojeff/erpnext/frappe-bench/apps/frappe/frappe/utils/scheduler.py:
Site: testsite
Queued events for site testsite
[DEBUG] 2020-09-20 09:48:43,738 | /home/joanitojeff/erpnext/frappe-bench/apps/frappe/frappe/utils/scheduler.py:
Site: testsite
Queued events for site testsite
[DEBUG] 2020-09-20 09:49:43,810 | /home/joanitojeff/erpnext/frappe-bench/apps/frappe/frappe/utils/scheduler.py:
Site: testsite
Queued events for site testsite
[DEBUG] 2020-09-20 09:50:43,901 | /home/joanitojeff/erpnext/frappe-bench/apps/frappe/frappe/utils/scheduler.py:
Site: testsite
Queued events for site testsite
[DEBUG] 2020-09-20 09:51:43,989 | /home/joanitojeff/erpnext/frappe-bench/apps/frappe/frappe/utils/scheduler.py:
Site: testsite
Queued events for site testsite
[DEBUG] 2020-09-20 09:52:44,146 | /home/joanitojeff/erpnext/frappe-bench/apps/frappe/frappe/utils/scheduler.py:
Site: testsite
Queued events for site testsite
[DEBUG] 2020-09-20 09:53:44,287 | /home/joanitojeff/erpnext/frappe-bench/apps/frappe/frappe/utils/scheduler.py:
Site: testsite
Queued events for site testsite
[DEBUG] 2020-09-20 09:54:44,382 | /home/joanitojeff/erpnext/frappe-bench/apps/frappe/frappe/utils/scheduler.py:
Site: testsite
Queued events for site testsite
[DEBUG] 2020-09-20 09:55:44,471 | /home/joanitojeff/erpnext/frappe-bench/apps/frappe/frappe/utils/scheduler.py:
Site: testsite
Queued events for site testsite
[DEBUG] 2020-09-20 09:56:44,585 | /home/joanitojeff/erpnext/frappe-bench/apps/frappe/frappe/utils/scheduler.py:
Site: testsite
Queued events for site testsite
[DEBUG] 2020-09-20 09:57:44,671 | /home/joanitojeff/erpnext/frappe-bench/apps/frappe/frappe/utils/scheduler.py:
Site: testsite
Queued events for site testsite
[DEBUG] 2020-09-20 09:58:44,744 | /home/joanitojeff/erpnext/frappe-bench/apps/frappe/frappe/utils/scheduler.py:
Site: testsite
Queued events for site testsite
[DEBUG] 2020-09-20 09:59:44,836 | /home/joanitojeff/erpnext/frappe-bench/apps/frappe/frappe/utils/scheduler.py:
Site: testsite
Queued events for site testsite
[DEBUG] 2020-09-20 10:00:44,956 | /home/joanitojeff/erpnext/frappe-bench/apps/frappe/frappe/utils/scheduler.py:
Site: testsite
Queued events for site testsite
[DEBUG] 2020-09-20 10:01:45,092 | /home/joanitojeff/erpnext/frappe-bench/apps/frappe/frappe/utils/scheduler.py:
Site: testsite
Queued events for site testsite
[DEBUG] 2020-09-20 10:02:45,175 | /home/joanitojeff/erpnext/frappe-bench/apps/frappe/frappe/utils/scheduler.py:
Site: testsite
Queued events for site testsite
[DEBUG] 2020-09-20 10:03:45,265 | /home/joanitojeff/erpnext/frappe-bench/apps/frappe/frappe/utils/scheduler.py:
Site: testsite
Queued events for site testsite
[DEBUG] 2020-09-20 10:04:45,370 | /home/joanitojeff/erpnext/frappe-bench/apps/frappe/frappe/utils/scheduler.py:
Site: testsite
Queued events for site testsite
[DEBUG] 2020-09-20 10:05:45,455 | /home/joanitojeff/erpnext/frappe-bench/apps/frappe/frappe/utils/scheduler.py:
Site: testsite
Queued events for site testsite
[DEBUG] 2020-09-20 10:06:45,544 | /home/joanitojeff/erpnext/frappe-bench/apps/frappe/frappe/utils/scheduler.py:
Site: testsite
Queued events for site testsite
[DEBUG] 2020-09-20 10:07:45,627 | /home/joanitojeff/erpnext/frappe-bench/apps/frappe/frappe/utils/scheduler.py:
Site: testsite
Queued events for site testsite
[DEBUG] 2020-09-20 10:08:45,720 | /home/joanitojeff/erpnext/frappe-bench/apps/frappe/frappe/utils/scheduler.py:
Site: testsite
Queued events for site testsite
[DEBUG] 2020-09-20 10:09:45,804 | /home/joanitojeff/erpnext/frappe-bench/apps/frappe/frappe/utils/scheduler.py:
Site: testsite
Queued events for site testsite
[DEBUG] 2020-09-20 10:10:45,880 | /home/joanitojeff/erpnext/frappe-bench/apps/frappe/frappe/utils/scheduler.py:
Site: testsite
Queued events for site testsite
[DEBUG] 2020-09-20 10:11:46,004 | /home/joanitojeff/erpnext/frappe-bench/apps/frappe/frappe/utils/scheduler.py:
Site: testsite
Queued events for site testsite
[DEBUG] 2020-09-20 10:12:46,096 | /home/joanitojeff/erpnext/frappe-bench/apps/frappe/frappe/utils/scheduler.py:
Site: testsite
Queued events for site testsite
[DEBUG] 2020-09-20 10:13:46,175 | /home/joanitojeff/erpnext/frappe-bench/apps/frappe/frappe/utils/scheduler.py:
Site: testsite
Queued events for site testsite
[DEBUG] 2020-09-20 10:14:46,266 | /home/joanitojeff/erpnext/frappe-bench/apps/frappe/frappe/utils/scheduler.py:
Site: testsite
Queued events for site testsite
[DEBUG] 2020-09-20 10:15:46,365 | /home/joanitojeff/erpnext/frappe-bench/apps/frappe/frappe/utils/scheduler.py:
Site: testsite
Queued events for site testsite
[DEBUG] 2020-09-20 10:16:46,466 | /home/joanitojeff/erpnext/frappe-bench/apps/frappe/frappe/utils/scheduler.py:
Site: testsite
Queued events for site testsite
[DEBUG] 2020-09-20 10:17:46,549 | /home/joanitojeff/erpnext/frappe-bench/apps/frappe/frappe/utils/scheduler.py:
Site: testsite
Queued events for site testsite
[DEBUG] 2020-09-20 10:18:46,632 | /home/joanitojeff/erpnext/frappe-bench/apps/frappe/frappe/utils/scheduler.py:
Site: testsite
Queued events for site testsite
[DEBUG] 2020-09-20 10:19:46,731 | /home/joanitojeff/erpnext/frappe-bench/apps/frappe/frappe/utils/scheduler.py:
Site: testsite
Queued events for site testsite
[DEBUG] 2020-09-20 10:20:46,839 | /home/joanitojeff/erpnext/frappe-bench/apps/frappe/frappe/utils/scheduler.py:
Site: testsite
Queued events for site testsite
[DEBUG] 2020-09-20 10:21:46,933 | /home/joanitojeff/erpnext/frappe-bench/apps/frappe/frappe/utils/scheduler.py:
Site: testsite
Queued events for site testsite
[DEBUG] 2020-09-20 10:22:47,025 | /home/joanitojeff/erpnext/frappe-bench/apps/frappe/frappe/utils/scheduler.py:
Site: testsite
Queued events for site testsite
[DEBUG] 2020-09-20 10:23:47,111 | /home/joanitojeff/erpnext/frappe-bench/apps/frappe/frappe/utils/scheduler.py:
Site: testsite
Queued events for site testsite
[DEBUG] 2020-09-20 10:24:47,231 | /home/joanitojeff/erpnext/frappe-bench/apps/frappe/frappe/utils/scheduler.py:
Site: testsite
Queued events for site testsite
[DEBUG] 2020-09-20 10:25:47,319 | /home/joanitojeff/erpnext/frappe-bench/apps/frappe/frappe/utils/scheduler.py:
Site: testsite
Queued events for site testsite
[DEBUG] 2020-09-20 10:26:47,410 | /home/joanitojeff/erpnext/frappe-bench/apps/frappe/frappe/utils/scheduler.py:
Site: testsite
Queued events for site testsite
[DEBUG] 2020-09-20 10:27:47,487 | /home/joanitojeff/erpnext/frappe-bench/apps/frappe/frappe/utils/scheduler.py:
Site: testsite
Queued events for site testsite
[DEBUG] 2020-09-20 10:28:47,588 | /home/joanitojeff/erpnext/frappe-bench/apps/frappe/frappe/utils/scheduler.py:
Site: testsite
Queued events for site testsite
[DEBUG] 2020-09-20 10:29:47,679 | /home/joanitojeff/erpnext/frappe-bench/apps/frappe/frappe/utils/scheduler.py:
Site: testsite
Queued events for site testsite
[DEBUG] 2020-09-20 10:30:47,758 | /home/joanitojeff/erpnext/frappe-bench/apps/frappe/frappe/utils/scheduler.py:
Site: testsite
Queued events for site testsite
[DEBUG] 2020-09-20 10:31:47,845 | /home/joanitojeff/erpnext/frappe-bench/apps/frappe/frappe/utils/scheduler.py:
Site: testsite
Queued events for site testsite
[DEBUG] 2020-09-20 10:32:47,938 | /home/joanitojeff/erpnext/frappe-bench/apps/frappe/frappe/utils/scheduler.py:
Site: testsite
Queued events for site testsite
[DEBUG] 2020-09-20 10:33:48,034 | /home/joanitojeff/erpnext/frappe-bench/apps/frappe/frappe/utils/scheduler.py:
Site: testsite
Queued events for site testsite
[DEBUG] 2020-09-20 10:34:48,132 | /home/joanitojeff/erpnext/frappe-bench/apps/frappe/frappe/utils/scheduler.py:
Site: testsite
Queued events for site testsite
[DEBUG] 2020-09-20 10:35:48,219 | /home/joanitojeff/erpnext/frappe-bench/apps/frappe/frappe/utils/scheduler.py:
Site: testsite
Queued events for site testsite
[DEBUG] 2020-09-20 10:36:48,336 | /home/joanitojeff/erpnext/frappe-bench/apps/frappe/frappe/utils/scheduler.py:
Site: testsite
Queued events for site testsite
[DEBUG] 2020-09-20 10:37:48,436 | /home/joanitojeff/erpnext/frappe-bench/apps/frappe/frappe/utils/scheduler.py:
Site: testsite
Queued events for site testsite
[DEBUG] 2020-09-20 10:38:48,530 | /home/joanitojeff/erpnext/frappe-bench/apps/frappe/frappe/utils/scheduler.py:
Site: testsite
Queued events for site testsite
[DEBUG] 2020-09-20 10:39:48,634 | /home/joanitojeff/erpnext/frappe-bench/apps/frappe/frappe/utils/scheduler.py:
Site: testsite
Queued events for site testsite
[DEBUG] 2020-09-20 10:40:48,748 | /home/joanitojeff/erpnext/frappe-bench/apps/frappe/frappe/utils/scheduler.py:
Site: testsite
Queued events for site testsite
[DEBUG] 2020-09-20 10:41:48,847 | /home/joanitojeff/erpnext/frappe-bench/apps/frappe/frappe/utils/scheduler.py:
Site: testsite
Queued events for site testsite
[DEBUG] 2020-09-20 10:42:48,940 | /home/joanitojeff/erpnext/frappe-bench/apps/frappe/frappe/utils/scheduler.py:
Site: testsite
Queued events for site testsite
[DEBUG] 2020-09-20 10:43:49,025 | /home/joanitojeff/erpnext/frappe-bench/apps/frappe/frappe/utils/scheduler.py:
Site: testsite
Queued events for site testsite
[DEBUG] 2020-09-20 10:44:49,133 | /home/joanitojeff/erpnext/frappe-bench/apps/frappe/frappe/utils/scheduler.py:
Site: testsite
Queued events for site testsite
[DEBUG] 2020-09-20 10:45:49,227 | /home/joanitojeff/erpnext/frappe-bench/apps/frappe/frappe/utils/scheduler.py:
Site: testsite
Queued events for site testsite
[DEBUG] 2020-09-20 10:46:49,319 | /home/joanitojeff/erpnext/frappe-bench/apps/frappe/frappe/utils/scheduler.py:
Site: testsite
Queued events for site testsite
[DEBUG] 2020-09-20 10:47:49,418 | /home/joanitojeff/erpnext/frappe-bench/apps/frappe/frappe/utils/scheduler.py:
Site: testsite
Queued events for site testsite
[DEBUG] 2020-09-20 10:48:49,533 | /home/joanitojeff/erpnext/frappe-bench/apps/frappe/frappe/utils/scheduler.py:
Site: testsite
Queued events for site testsite
[DEBUG] 2020-09-20 10:49:49,619 | /home/joanitojeff/erpnext/frappe-bench/apps/frappe/frappe/utils/scheduler.py:
Site: testsite
Queued events for site testsite
[ERROR] 2020-09-20 10:50:44,206 | /home/joanitojeff/erpnext/frappe-bench/apps/frappe/frappe/app.py:
Site: testsite
Form Dict: {
 "cmd": "frappe.realtime.get_user_info"
}
Request Error
Traceback (most recent call last):
  File "/home/joanitojeff/erpnext/frappe-bench/apps/frappe/frappe/app.py", line 64, in application
    response = frappe.api.handle()
  File "/home/joanitojeff/erpnext/frappe-bench/apps/frappe/frappe/api.py", line 59, in handle
    return frappe.handler.handle()
  File "/home/joanitojeff/erpnext/frappe-bench/apps/frappe/frappe/handler.py", line 24, in handle
    data = execute_cmd(cmd)
  File "/home/joanitojeff/erpnext/frappe-bench/apps/frappe/frappe/handler.py", line 63, in execute_cmd
    return frappe.call(method, **frappe.form_dict)
  File "/home/joanitojeff/erpnext/frappe-bench/apps/frappe/frappe/__init__.py", line 1055, in call
    return fn(*args, **newargs)
TypeError: get_user_info() missing 1 required positional argument: 'sid'
[ERROR] 2020-09-20 10:50:44,360 | /home/joanitojeff/erpnext/frappe-bench/apps/frappe/frappe/utils/error.py:
New Exception collected with id: 2020-09-20 10:50:44.207410-127.0.0.1-aec
[DEBUG] 2020-09-20 10:51:42,847 | /home/joanitojeff/erpnext/frappe-bench/apps/frappe/frappe/utils/scheduler.py:
Site: testsite
Queued events for site testsite
[DEBUG] 2020-09-20 10:52:42,948 | /home/joanitojeff/erpnext/frappe-bench/apps/frappe/frappe/utils/scheduler.py:
Site: testsite
Queued events for site testsite
[DEBUG] 2020-09-20 10:53:43,044 | /home/joanitojeff/erpnext/frappe-bench/apps/frappe/frappe/utils/scheduler.py:
Site: testsite
Queued events for site testsite
[DEBUG] 2020-09-20 10:54:43,131 | /home/joanitojeff/erpnext/frappe-bench/apps/frappe/frappe/utils/scheduler.py:
Site: testsite
Queued events for site testsite
[DEBUG] 2020-09-20 10:55:43,237 | /home/joanitojeff/erpnext/frappe-bench/apps/frappe/frappe/utils/scheduler.py:
Site: testsite
Queued events for site testsite
[DEBUG] 2020-09-20 10:56:43,339 | /home/joanitojeff/erpnext/frappe-bench/apps/frappe/frappe/utils/scheduler.py:
Site: testsite
Queued events for site testsite
[DEBUG] 2020-09-20 10:57:43,425 | /home/joanitojeff/erpnext/frappe-bench/apps/frappe/frappe/utils/scheduler.py:
Site: testsite
Queued events for site testsite
[DEBUG] 2020-09-20 10:58:43,524 | /home/joanitojeff/erpnext/frappe-bench/apps/frappe/frappe/utils/scheduler.py:
Site: testsite
Queued events for site testsite
[DEBUG] 2020-09-20 10:59:43,609 | /home/joanitojeff/erpnext/frappe-bench/apps/frappe/frappe/utils/scheduler.py:
Site: testsite
Queued events for site testsite
[DEBUG] 2020-09-20 11:00:43,724 | /home/joanitojeff/erpnext/frappe-bench/apps/frappe/frappe/utils/scheduler.py:
Site: testsite
Queued events for site testsite
[DEBUG] 2020-09-20 11:01:43,813 | /home/joanitojeff/erpnext/frappe-bench/apps/frappe/frappe/utils/scheduler.py:
Site: testsite
Queued events for site testsite
[DEBUG] 2020-09-20 11:02:43,900 | /home/joanitojeff/erpnext/frappe-bench/apps/frappe/frappe/utils/scheduler.py:
Site: testsite
Queued events for site testsite
[DEBUG] 2020-09-20 11:03:43,997 | /home/joanitojeff/erpnext/frappe-bench/apps/frappe/frappe/utils/scheduler.py:
Site: testsite
Queued events for site testsite
[ERROR] 2020-09-20 11:18:37,717 | /home/joanitojeff/erpnext/frappe-bench/apps/frappe/frappe/app.py:
Site: testsite
Form Dict: {
 "cmd": "frappe.realtime.get_user_info"
}
Request Error
Traceback (most recent call last):
  File "/home/joanitojeff/erpnext/frappe-bench/apps/frappe/frappe/app.py", line 64, in application
    response = frappe.api.handle()
  File "/home/joanitojeff/erpnext/frappe-bench/apps/frappe/frappe/api.py", line 59, in handle
    return frappe.handler.handle()
  File "/home/joanitojeff/erpnext/frappe-bench/apps/frappe/frappe/handler.py", line 24, in handle
    data = execute_cmd(cmd)
  File "/home/joanitojeff/erpnext/frappe-bench/apps/frappe/frappe/handler.py", line 63, in execute_cmd
    return frappe.call(method, **frappe.form_dict)
  File "/home/joanitojeff/erpnext/frappe-bench/apps/frappe/frappe/__init__.py", line 1055, in call
    return fn(*args, **newargs)
TypeError: get_user_info() missing 1 required positional argument: 'sid'
[ERROR] 2020-09-20 11:18:37,866 | /home/joanitojeff/erpnext/frappe-bench/apps/frappe/frappe/utils/error.py:
New Exception collected with id: 2020-09-20 11:18:37.718210-127.0.0.1-cb5
[DEBUG] 2020-09-20 11:19:36,443 | /home/joanitojeff/erpnext/frappe-bench/apps/frappe/frappe/utils/scheduler.py:
Site: testsite
Queued events for site testsite
[DEBUG] 2020-09-20 11:20:36,540 | /home/joanitojeff/erpnext/frappe-bench/apps/frappe/frappe/utils/scheduler.py:
Site: testsite
Queued events for site testsite
[DEBUG] 2020-09-20 11:21:36,629 | /home/joanitojeff/erpnext/frappe-bench/apps/frappe/frappe/utils/scheduler.py:
Site: testsite
Queued events for site testsite
[DEBUG] 2020-09-20 11:22:36,722 | /home/joanitojeff/erpnext/frappe-bench/apps/frappe/frappe/utils/scheduler.py:
Site: testsite
Queued events for site testsite
